# JRE version: Java(TM) SE Runtime Environment (8.0_121-b13) (build 1.8.0_121-b13)
# Java VM: Java HotSpot(TM) 64-Bit Server VM (25.121-b13 mixed mode windows-amd64 compressed oops)
Heap:
 PSYoungGen      total 194560K, used 4204K [0x00000000eb700000, 0x00000000f8400000, 0x0000000100000000)
  eden space 185344K, 0% used [0x00000000eb700000,0x00000000eb700000,0x00000000f6c00000)
  from space 9216K, 45% used [0x00000000f7b00000,0x00000000f7f1b170,0x00000000f8400000)
  to   space 12288K, 0% used [0x00000000f6c00000,0x00000000f6c00000,0x00000000f7800000)
 ParOldGen       total 55808K, used 48146K [0x00000000c2400000, 0x00000000c5a80000, 0x00000000eb700000)
  object space 55808K, 86% used [0x00000000c2400000,0x00000000c5304b58,0x00000000c5a80000)
 Metaspace       used 53212K, capacity 55084K, committed 55424K, reserved 1097728K
  class space    used 7202K, capacity 7686K, committed 7808K, reserved 1048576K
GC Heap History (10 events):
Event: 60.024 GC heap after
Heap after GC invocations=16 (full 2):
 PSYoungGen      total 129024K, used 10370K [0x00000000eb700000, 0x00000000f4380000, 0x0000000100000000)
  eden space 118272K, 0% used [0x00000000eb700000,0x00000000eb700000,0x00000000f2a80000)
  from space 10752K, 96% used [0x00000000f3900000,0x00000000f4320ba8,0x00000000f4380000)
  to   space 12800K, 0% used [0x00000000f2a80000,0x00000000f2a80000,0x00000000f3700000)
 ParOldGen       total 55808K, used 18891K [0x00000000c2400000, 0x00000000c5a80000, 0x00000000eb700000)
  object space 55808K, 33% used [0x00000000c2400000,0x00000000c3672ce0,0x00000000c5a80000)
 Metaspace       used 45899K, capacity 46994K, committed 47360K, reserved 1089536K
  class space    used 6262K, capacity 6545K, committed 6656K, reserved 1048576K
}
Event: 64.187 GC heap before
{Heap before GC invocations=17 (full 2):
 PSYoungGen      total 129024K, used 128642K [0x00000000eb700000, 0x00000000f4380000, 0x0000000100000000)
  eden space 118272K, 100% used [0x00000000eb700000,0x00000000f2a80000,0x00000000f2a80000)
  from space 10752K, 96% used [0x00000000f3900000,0x00000000f4320ba8,0x00000000f4380000)
  to   space 12800K, 0% used [0x00000000f2a80000,0x00000000f2a80000,0x00000000f3700000)
 ParOldGen       total 55808K, used 18891K [0x00000000c2400000, 0x00000000c5a80000, 0x00000000eb700000)
  object space 55808K, 33% used [0x00000000c2400000,0x00000000c3672ce0,0x00000000c5a80000)
 Metaspace       used 48896K, capacity 50266K, committed 50304K, reserved 1093632K
  class space    used 6672K, capacity 7035K, committed 7040K, reserved 1048576K
Event: 64.234 GC heap after
Heap after GC invocations=17 (full 2):
 PSYoungGen      total 131072K, used 10357K [0x00000000eb700000, 0x00000000f6e80000, 0x0000000100000000)
  eden space 118272K, 0% used [0x00000000eb700000,0x00000000eb700000,0x00000000f2a80000)
  from space 12800K, 80% used [0x00000000f2a80000,0x00000000f349d758,0x00000000f3700000)
  to   space 13824K, 0% used [0x00000000f6100000,0x00000000f6100000,0x00000000f6e80000)
 ParOldGen       total 55808K, used 27543K [0x00000000c2400000, 0x00000000c5a80000, 0x00000000eb700000)
  object space 55808K, 49% used [0x00000000c2400000,0x00000000c3ee5f90,0x00000000c5a80000)
 Metaspace       used 48896K, capacity 50266K, committed 50304K, reserved 1093632K
  class space    used 6672K, capacity 7035K, committed 7040K, reserved 1048576K
}
Event: 69.608 GC heap before
{Heap before GC invocations=18 (full 2):
 PSYoungGen      total 131072K, used 128629K [0x00000000eb700000, 0x00000000f6e80000, 0x0000000100000000)
  eden space 118272K, 100% used [0x00000000eb700000,0x00000000f2a80000,0x00000000f2a80000)
  from space 12800K, 80% used [0x00000000f2a80000,0x00000000f349d758,0x00000000f3700000)
  to   space 13824K, 0% used [0x00000000f6100000,0x00000000f6100000,0x00000000f6e80000)
 ParOldGen       total 55808K, used 27543K [0x00000000c2400000, 0x00000000c5a80000, 0x00000000eb700000)
  object space 55808K, 49% used [0x00000000c2400000,0x00000000c3ee5f90,0x00000000c5a80000)
 Metaspace       used 49824K, capacity 51222K, committed 51456K, reserved 1093632K
  class space    used 6779K, capacity 7155K, committed 7168K, reserved 1048576K
Event: 69.639 GC heap after
Heap after GC invocations=18 (full 2):
 PSYoungGen      total 165888K, used 7308K [0x00000000eb700000, 0x00000000f6980000, 0x0000000100000000)
  eden space 157184K, 0% used [0x00000000eb700000,0x00000000eb700000,0x00000000f5080000)
  from space 8704K, 83% used [0x00000000f6100000,0x00000000f6823258,0x00000000f6980000)
  to   space 12800K, 0% used [0x00000000f5080000,0x00000000f5080000,0x00000000f5d00000)
 ParOldGen       total 55808K, used 35914K [0x00000000c2400000, 0x00000000c5a80000, 0x00000000eb700000)
  object space 55808K, 64% used [0x00000000c2400000,0x00000000c4712ac8,0x00000000c5a80000)
 Metaspace       used 49824K, capacity 51222K, committed 51456K, reserved 1093632K
  class space    used 6779K, capacity 7155K, committed 7168K, reserved 1048576K
}
Event: 76.721 GC heap before
{Heap before GC invocations=19 (full 2):
 PSYoungGen      total 165888K, used 164492K [0x00000000eb700000, 0x00000000f6980000, 0x0000000100000000)
  eden space 157184K, 100% used [0x00000000eb700000,0x00000000f5080000,0x00000000f5080000)
  from space 8704K, 83% used [0x00000000f6100000,0x00000000f6823258,0x00000000f6980000)
  to   space 12800K, 0% used [0x00000000f5080000,0x00000000f5080000,0x00000000f5d00000)
 ParOldGen       total 55808K, used 35914K [0x00000000c2400000, 0x00000000c5a80000, 0x00000000eb700000)
  object space 55808K, 64% used [0x00000000c2400000,0x00000000c4712ac8,0x00000000c5a80000)
 Metaspace       used 51942K, capacity 53674K, committed 53888K, reserved 1095680K
  class space    used 7035K, capacity 7519K, committed 7552K, reserved 1048576K
Event: 76.745 GC heap after
Heap after GC invocations=19 (full 2):
 PSYoungGen      total 169984K, used 7303K [0x00000000eb700000, 0x00000000f8780000, 0x0000000100000000)
  eden space 157184K, 0% used [0x00000000eb700000,0x00000000eb700000,0x00000000f5080000)
  from space 12800K, 57% used [0x00000000f5080000,0x00000000f57a1c48,0x00000000f5d00000)
  to   space 12800K, 0% used [0x00000000f7b00000,0x00000000f7b00000,0x00000000f8780000)
 ParOldGen       total 55808K, used 42486K [0x00000000c2400000, 0x00000000c5a80000, 0x00000000eb700000)
  object space 55808K, 76% used [0x00000000c2400000,0x00000000c4d7daf8,0x00000000c5a80000)
 Metaspace       used 51942K, capacity 53674K, committed 53888K, reserved 1095680K
  class space    used 7035K, capacity 7519K, committed 7552K, reserved 1048576K
}
Event: 80.733 GC heap before
{Heap before GC invocations=20 (full 2):
 PSYoungGen      total 169984K, used 162219K [0x00000000eb700000, 0x00000000f8780000, 0x0000000100000000)
  eden space 157184K, 98% used [0x00000000eb700000,0x00000000f4e490c0,0x00000000f5080000)
  from space 12800K, 57% used [0x00000000f5080000,0x00000000f57a1c48,0x00000000f5d00000)
  to   space 12800K, 0% used [0x00000000f7b00000,0x00000000f7b00000,0x00000000f8780000)
 ParOldGen       total 55808K, used 42486K [0x00000000c2400000, 0x00000000c5a80000, 0x00000000eb700000)
  object space 55808K, 76% used [0x00000000c2400000,0x00000000c4d7daf8,0x00000000c5a80000)
 Metaspace       used 53212K, capacity 55084K, committed 55424K, reserved 1097728K
  class space    used 7202K, capacity 7686K, committed 7808K, reserved 1048576K
Event: 80.750 GC heap after
Heap after GC invocations=20 (full 2):
 PSYoungGen      total 194560K, used 4204K [0x00000000eb700000, 0x00000000f8400000, 0x0000000100000000)
  eden space 185344K, 0% used [0x00000000eb700000,0x00000000eb700000,0x00000000f6c00000)
  from space 9216K, 45% used [0x00000000f7b00000,0x00000000f7f1b170,0x00000000f8400000)
  to   space 12288K, 0% used [0x00000000f6c00000,0x00000000f6c00000,0x00000000f7800000)
 ParOldGen       total 55808K, used 48146K [0x00000000c2400000, 0x00000000c5a80000, 0x00000000eb700000)
  object space 55808K, 86% used [0x00000000c2400000,0x00000000c5304b58,0x00000000c5a80000)
 Metaspace       used 53212K, capacity 55084K, committed 55424K, reserved 1097728K
  class space    used 7202K, capacity 7686K, committed 7808K, reserved 1048576K
}
Event: 80.750 GC heap before
{Heap before GC invocations=21 (full 3):
 PSYoungGen      total 194560K, used 4204K [0x00000000eb700000, 0x00000000f8400000, 0x0000000100000000)
  eden space 185344K, 0% used [0x00000000eb700000,0x00000000eb700000,0x00000000f6c00000)
  from space 9216K, 45% used [0x00000000f7b00000,0x00000000f7f1b170,0x00000000f8400000)
  to   space 12288K, 0% used [0x00000000f6c00000,0x00000000f6c00000,0x00000000f7800000)
 ParOldGen       total 55808K, used 48146K [0x00000000c2400000, 0x00000000c5a80000, 0x00000000eb700000)
  object space 55808K, 86% used [0x00000000c2400000,0x00000000c5304b58,0x00000000c5a80000)
 Metaspace       used 53212K, capacity 55084K, committed 55424K, reserved 1097728K
  class space    used 7202K, capacity 7686K, committed 7808K, reserved 1048576K

