# JRE version: OpenJDK Runtime Environment (8.0_76-b03) (build 1.8.0_76-release-b03)
# Java VM: OpenJDK 64-Bit Server VM (25.76-b03 mixed mode windows-amd64 compressed oops)
Heap:
 PSYoungGen      total 70656K, used 64903K [0x00000000eab00000, 0x00000000efd80000, 0x0000000100000000)
  eden space 61952K, 90% used [0x00000000eab00000,0x00000000ee1e8780,0x00000000ee780000)
  from space 8704K, 99% used [0x00000000ef200000,0x00000000efa794c8,0x00000000efa80000)
  to   space 10752K, 0% used [0x00000000ee780000,0x00000000ee780000,0x00000000ef200000)
 ParOldGen       total 49664K, used 19249K [0x00000000c0000000, 0x00000000c3080000, 0x00000000eab00000)
  object space 49664K, 38% used [0x00000000c0000000,0x00000000c12cc488,0x00000000c3080000)
 Metaspace       used 47885K, capacity 48998K, committed 49192K, reserved 1091584K
  class space    used 6340K, capacity 6618K, committed 6704K, reserved 1048576K
GC Heap History (10 events):
Event: 69.952 GC heap before
{Heap before GC invocations=18 (full 1):
 PSYoungGen      total 47104K, used 12697K [0x00000000eab00000, 0x00000000ee280000, 0x0000000100000000)
  eden space 40960K, 16% used [0x00000000eab00000,0x00000000eb1699d0,0x00000000ed300000)
  from space 6144K, 99% used [0x00000000eda80000,0x00000000ee07ccb8,0x00000000ee080000)
  to   space 7680K, 0% used [0x00000000ed300000,0x00000000ed300000,0x00000000eda80000)
 ParOldGen       total 35328K, used 12297K [0x00000000c0000000, 0x00000000c2280000, 0x00000000eab00000)
  object space 35328K, 34% used [0x00000000c0000000,0x00000000c0c02520,0x00000000c2280000)
 Metaspace       used 34402K, capacity 35166K, committed 35496K, reserved 1079296K
  class space    used 4555K, capacity 4759K, committed 4784K, reserved 1048576K
Event: 69.961 GC heap after
Heap after GC invocations=18 (full 1):
 PSYoungGen      total 48640K, used 3881K [0x00000000eab00000, 0x00000000eea00000, 0x0000000100000000)
  eden space 40960K, 0% used [0x00000000eab00000,0x00000000eab00000,0x00000000ed300000)
  from space 7680K, 50% used [0x00000000ed300000,0x00000000ed6ca7c0,0x00000000eda80000)
  to   space 7168K, 0% used [0x00000000ee300000,0x00000000ee300000,0x00000000eea00000)
 ParOldGen       total 35328K, used 13233K [0x00000000c0000000, 0x00000000c2280000, 0x00000000eab00000)
  object space 35328K, 37% used [0x00000000c0000000,0x00000000c0cec520,0x00000000c2280000)
 Metaspace       used 34402K, capacity 35166K, committed 35496K, reserved 1079296K
  class space    used 4555K, capacity 4759K, committed 4784K, reserved 1048576K
}
Event: 69.962 GC heap before
{Heap before GC invocations=19 (full 2):
 PSYoungGen      total 48640K, used 3881K [0x00000000eab00000, 0x00000000eea00000, 0x0000000100000000)
  eden space 40960K, 0% used [0x00000000eab00000,0x00000000eab00000,0x00000000ed300000)
  from space 7680K, 50% used [0x00000000ed300000,0x00000000ed6ca7c0,0x00000000eda80000)
  to   space 7168K, 0% used [0x00000000ee300000,0x00000000ee300000,0x00000000eea00000)
 ParOldGen       total 35328K, used 13233K [0x00000000c0000000, 0x00000000c2280000, 0x00000000eab00000)
  object space 35328K, 37% used [0x00000000c0000000,0x00000000c0cec520,0x00000000c2280000)
 Metaspace       used 34402K, capacity 35166K, committed 35496K, reserved 1079296K
  class space    used 4555K, capacity 4759K, committed 4784K, reserved 1048576K
Event: 70.084 GC heap after
Heap after GC invocations=19 (full 2):
 PSYoungGen      total 48640K, used 0K [0x00000000eab00000, 0x00000000eea00000, 0x0000000100000000)
  eden space 40960K, 0% used [0x00000000eab00000,0x00000000eab00000,0x00000000ed300000)
  from space 7680K, 0% used [0x00000000ed300000,0x00000000ed300000,0x00000000eda80000)
  to   space 7168K, 0% used [0x00000000ee300000,0x00000000ee300000,0x00000000eea00000)
 ParOldGen       total 49664K, used 14799K [0x00000000c0000000, 0x00000000c3080000, 0x00000000eab00000)
  object space 49664K, 29% used [0x00000000c0000000,0x00000000c0e73cc0,0x00000000c3080000)
 Metaspace       used 34384K, capacity 35144K, committed 35496K, reserved 1079296K
  class space    used 4550K, capacity 4753K, committed 4784K, reserved 1048576K
}
Event: 70.982 GC heap before
{Heap before GC invocations=20 (full 2):
 PSYoungGen      total 48640K, used 40960K [0x00000000eab00000, 0x00000000eea00000, 0x0000000100000000)
  eden space 40960K, 100% used [0x00000000eab00000,0x00000000ed300000,0x00000000ed300000)
  from space 7680K, 0% used [0x00000000ed300000,0x00000000ed300000,0x00000000eda80000)
  to   space 7168K, 0% used [0x00000000ee300000,0x00000000ee300000,0x00000000eea00000)
 ParOldGen       total 49664K, used 14799K [0x00000000c0000000, 0x00000000c3080000, 0x00000000eab00000)
  object space 49664K, 29% used [0x00000000c0000000,0x00000000c0e73cc0,0x00000000c3080000)
 Metaspace       used 36073K, capacity 36914K, committed 37288K, reserved 1081344K
  class space    used 4769K, capacity 4980K, committed 5040K, reserved 1048576K
Event: 70.993 GC heap after
Heap after GC invocations=20 (full 2):
 PSYoungGen      total 57344K, used 2819K [0x00000000eab00000, 0x00000000eeb80000, 0x0000000100000000)
  eden space 50176K, 0% used [0x00000000eab00000,0x00000000eab00000,0x00000000edc00000)
  from space 7168K, 39% used [0x00000000ee300000,0x00000000ee5c0f48,0x00000000eea00000)
  to   space 7168K, 0% used [0x00000000edc00000,0x00000000edc00000,0x00000000ee300000)
 ParOldGen       total 49664K, used 14807K [0x00000000c0000000, 0x00000000c3080000, 0x00000000eab00000)
  object space 49664K, 29% used [0x00000000c0000000,0x00000000c0e75cc0,0x00000000c3080000)
 Metaspace       used 36073K, capacity 36914K, committed 37288K, reserved 1081344K
  class space    used 4769K, capacity 4980K, committed 5040K, reserved 1048576K
}
Event: 73.296 GC heap before
{Heap before GC invocations=21 (full 2):
 PSYoungGen      total 57344K, used 52995K [0x00000000eab00000, 0x00000000eeb80000, 0x0000000100000000)
  eden space 50176K, 100% used [0x00000000eab00000,0x00000000edc00000,0x00000000edc00000)
  from space 7168K, 39% used [0x00000000ee300000,0x00000000ee5c0f48,0x00000000eea00000)
  to   space 7168K, 0% used [0x00000000edc00000,0x00000000edc00000,0x00000000ee300000)
 ParOldGen       total 49664K, used 14807K [0x00000000c0000000, 0x00000000c3080000, 0x00000000eab00000)
  object space 49664K, 29% used [0x00000000c0000000,0x00000000c0e75cc0,0x00000000c3080000)
 Metaspace       used 39118K, capacity 40076K, committed 40360K, reserved 1083392K
  class space    used 5173K, capacity 5431K, committed 5552K, reserved 1048576K
Event: 73.324 GC heap after
Heap after GC invocations=21 (full 2):
 PSYoungGen      total 57344K, used 7154K [0x00000000eab00000, 0x00000000efa80000, 0x0000000100000000)
  eden space 50176K, 0% used [0x00000000eab00000,0x00000000eab00000,0x00000000edc00000)
  from space 7168K, 99% used [0x00000000edc00000,0x00000000ee2fcaa8,0x00000000ee300000)
  to   space 8704K, 0% used [0x00000000ef200000,0x00000000ef200000,0x00000000efa80000)
 ParOldGen       total 49664K, used 16513K [0x00000000c0000000, 0x00000000c3080000, 0x00000000eab00000)
  object space 49664K, 33% used [0x00000000c0000000,0x00000000c10206d0,0x00000000c3080000)
 Metaspace       used 39118K, capacity 40076K, committed 40360K, reserved 1083392K
  class space    used 5173K, capacity 5431K, committed 5552K, reserved 1048576K
}
Event: 77.615 GC heap before
{Heap before GC invocations=22 (full 2):
 PSYoungGen      total 57344K, used 57330K [0x00000000eab00000, 0x00000000efa80000, 0x0000000100000000)
  eden space 50176K, 100% used [0x00000000eab00000,0x00000000edc00000,0x00000000edc00000)
  from space 7168K, 99% used [0x00000000edc00000,0x00000000ee2fcaa8,0x00000000ee300000)
  to   space 8704K, 0% used [0x00000000ef200000,0x00000000ef200000,0x00000000efa80000)
 ParOldGen       total 49664K, used 16513K [0x00000000c0000000, 0x00000000c3080000, 0x00000000eab00000)
  object space 49664K, 33% used [0x00000000c0000000,0x00000000c10206d0,0x00000000c3080000)
 Metaspace       used 44954K, capacity 46004K, committed 46504K, reserved 1089536K
  class space    used 5948K, capacity 6203K, committed 6320K, reserved 1048576K
Event: 77.635 GC heap after
Heap after GC invocations=22 (full 2):
 PSYoungGen      total 70656K, used 8677K [0x00000000eab00000, 0x00000000efd80000, 0x0000000100000000)
  eden space 61952K, 0% used [0x00000000eab00000,0x00000000eab00000,0x00000000ee780000)
  from space 8704K, 99% used [0x00000000ef200000,0x00000000efa794c8,0x00000000efa80000)
  to   space 10752K, 0% used [0x00000000ee780000,0x00000000ee780000,0x00000000ef200000)
 ParOldGen       total 49664K, used 19249K [0x00000000c0000000, 0x00000000c3080000, 0x00000000eab00000)
  object space 49664K, 38% used [0x00000000c0000000,0x00000000c12cc488,0x00000000c3080000)
 Metaspace       used 44954K, capacity 46004K, committed 46504K, reserved 1089536K
  class space    used 5948K, capacity 6203K, committed 6320K, reserved 1048576K
}

